This file contains any messages produced by compilers while
running configure, to aid debugging if configure makes a mistake.

It was created by libopendaap configure 0.3.0, which was
generated by GNU Autoconf 2.59.  Invocation command line was

  $ ./configure 

## --------- ##
## Platform. ##
## --------- ##

hostname = west.venrock.com
uname -m = Power Macintosh
uname -r = 8.0.0
uname -s = Darwin
uname -v = Darwin Kernel Version 8.0.0: Thu Mar 24 19:14:36 PST 2005; root:xnu-790.1.obj~1/RELEASE_PPC

/usr/bin/uname -p = powerpc
/bin/uname -X     = unknown

/bin/arch              = unknown
/usr/bin/arch -k       = unknown
/usr/convex/getsysinfo = unknown
hostinfo               = Mach kernel version:
	 Darwin Kernel Version 8.0.0: Thu Mar 24 19:14:36 PST 2005; root:xnu-790.1.obj~1/RELEASE_PPC
Kernel configured for a single processor only.
1 processor is physically available.
Processor type: ppc7450 (PowerPC 7450)
Processor active: 0
Primary memory available: 1.25 gigabytes
Default processor set: 65 tasks, 202 threads, 1 processors
Load average: 1.70, Mach factor: 0.65
/bin/machine           = unknown
/usr/bin/oslevel       = unknown
/bin/universe          = unknown

PATH: /Volumes/Lore/bin
PATH: /Developer/Tools
PATH: /bin
PATH: /sbin
PATH: /usr/bin
PATH: /usr/sbin
PATH: /usr/local/bin


## ----------- ##
## Core tests. ##
## ----------- ##

configure:1553: checking for a BSD-compatible install
configure:1608: result: /usr/bin/install -c
configure:1619: checking whether build environment is sane
configure:1662: result: yes
configure:1695: checking for gawk
configure:1724: result: no
configure:1695: checking for mawk
configure:1724: result: no
configure:1695: checking for nawk
configure:1724: result: no
configure:1695: checking for awk
configure:1711: found /usr/bin/awk
configure:1721: result: awk
configure:1731: checking whether make sets $(MAKE)
configure:1751: result: yes
configure:1915: checking whether to enable maintainer-specific portions of Makefiles
configure:1924: result: no
configure:1988: checking for gcc
configure:2004: found /usr/bin/gcc
configure:2014: result: gcc
configure:2258: checking for C compiler version
configure:2261: gcc --version </dev/null >&5
powerpc-apple-darwin8-gcc-4.0.0 (GCC) 4.0.0 20041026 (Apple Computer, Inc. build 4061)
Copyright (C) 2004 Free Software Foundation, Inc.
This is free software; see the source for copying conditions.  There is NO
warranty; not even for MERCHANTABILITY or FITNESS FOR A PARTICULAR PURPOSE.

configure:2264: $? = 0
configure:2266: gcc -v </dev/null >&5
Reading specs from /usr/lib/gcc/powerpc-apple-darwin8/4.0.0/specs
Configured with: /private/var/tmp/gcc/gcc-4061.obj~8/src/configure --disable-checking --prefix=/usr --mandir=/share/man --enable-languages=c,objc,c++,obj-c++ --program-transform-name=/^[cg][^+.-]*$/s/$/-4.0/ --with-gxx-include-dir=/include/gcc/darwin/4.0/c++ --build=powerpc-apple-darwin8 --host=powerpc-apple-darwin8 --target=powerpc-apple-darwin8
Thread model: posix
gcc version 4.0.0 20041026 (Apple Computer, Inc. build 4061)
configure:2269: $? = 0
configure:2271: gcc -V </dev/null >&5
gcc: argument to `-V' is missing
configure:2274: $? = 1
configure:2297: checking for C compiler default output file name
configure:2300: gcc    conftest.c  >&5
configure:2303: $? = 0
configure:2349: result: a.out
configure:2354: checking whether the C compiler works
configure:2360: ./a.out
configure:2363: $? = 0
configure:2380: result: yes
configure:2387: checking whether we are cross compiling
configure:2389: result: no
configure:2392: checking for suffix of executables
configure:2394: gcc -o conftest    conftest.c  >&5
configure:2397: $? = 0
configure:2422: result: 
configure:2428: checking for suffix of object files
configure:2449: gcc -c   conftest.c >&5
configure:2452: $? = 0
configure:2474: result: o
configure:2478: checking whether we are using the GNU C compiler
configure:2502: gcc -c   conftest.c >&5
configure:2508: $? = 0
configure:2511: test -z 			 || test ! -s conftest.err
configure:2514: $? = 0
configure:2517: test -s conftest.o
configure:2520: $? = 0
configure:2533: result: yes
configure:2539: checking whether gcc accepts -g
configure:2560: gcc -c -g  conftest.c >&5
configure:2566: $? = 0
configure:2569: test -z 			 || test ! -s conftest.err
configure:2572: $? = 0
configure:2575: test -s conftest.o
configure:2578: $? = 0
configure:2589: result: yes
configure:2606: checking for gcc option to accept ANSI C
configure:2676: gcc  -c -g -O2  conftest.c >&5
configure:2682: $? = 0
configure:2685: test -z 			 || test ! -s conftest.err
configure:2688: $? = 0
configure:2691: test -s conftest.o
configure:2694: $? = 0
configure:2712: result: none needed
configure:2730: gcc -c -g -O2  conftest.c >&5
conftest.c:2: error: parse error before "me"
configure:2736: $? = 1
configure: failed program was:
| #ifndef __cplusplus
|   choke me
| #endif
configure:2877: checking for style of include used by make
configure:2905: result: GNU
configure:2933: checking dependency style of gcc
configure:3016: result: gcc3
configure:3111: checking build system type
configure:3129: result: powerpc-apple-darwin8.0.0
configure:3137: checking host system type
configure:3151: result: powerpc-apple-darwin8.0.0
configure:3159: checking for a sed that does not truncate output
configure:3213: result: /usr/bin/sed
configure:3216: checking for egrep
configure:3226: result: grep -E
configure:3242: checking for ld used by gcc
configure:3309: result: /usr/bin/ld
configure:3318: checking if the linker (/usr/bin/ld) is GNU ld
configure:3333: result: no
configure:3338: checking for /usr/bin/ld option to reload object files
configure:3345: result: -r
configure:3354: checking for BSD-compatible nm
configure:3396: result: /usr/bin/nm -p
configure:3400: checking whether ln -s works
configure:3404: result: yes
configure:3411: checking how to recognise dependent libraries
configure:3585: result: pass_all
configure:3798: checking how to run the C preprocessor
configure:3833: gcc -E  conftest.c
configure:3839: $? = 0
configure:3871: gcc -E  conftest.c
conftest.c:11:28: error: ac_nonexistent.h: No such file or directory
configure:3877: $? = 1
configure: failed program was:
| /* confdefs.h.  */
| 
| #define PACKAGE_NAME "libopendaap"
| #define PACKAGE_TARNAME "libopendaap"
| #define PACKAGE_VERSION "0.3.0"
| #define PACKAGE_STRING "libopendaap 0.3.0"
| #define PACKAGE_BUGREPORT "crazney@craz.net"
| #define PACKAGE "libopendaap"
| #define VERSION "0.3.0"
| /* end confdefs.h.  */
| #include <ac_nonexistent.h>
configure:3916: result: gcc -E
configure:3940: gcc -E  conftest.c
configure:3946: $? = 0
configure:3978: gcc -E  conftest.c
conftest.c:11:28: error: ac_nonexistent.h: No such file or directory
configure:3984: $? = 1
configure: failed program was:
| /* confdefs.h.  */
| 
| #define PACKAGE_NAME "libopendaap"
| #define PACKAGE_TARNAME "libopendaap"
| #define PACKAGE_VERSION "0.3.0"
| #define PACKAGE_STRING "libopendaap 0.3.0"
| #define PACKAGE_BUGREPORT "crazney@craz.net"
| #define PACKAGE "libopendaap"
| #define VERSION "0.3.0"
| /* end confdefs.h.  */
| #include <ac_nonexistent.h>
configure:4028: checking for ANSI C header files
configure:4053: gcc -c -g -O2  conftest.c >&5
configure:4059: $? = 0
configure:4062: test -z 			 || test ! -s conftest.err
configure:4065: $? = 0
configure:4068: test -s conftest.o
configure:4071: $? = 0
configure:4157: gcc -o conftest -g -O2   conftest.c  >&5
conftest.c: In function 'main':
conftest.c:28: warning: incompatible implicit declaration of built-in function 'exit'
configure:4160: $? = 0
configure:4162: ./conftest
configure:4165: $? = 0
configure:4180: result: yes
configure:4204: checking for sys/types.h
configure:4220: gcc -c -g -O2  conftest.c >&5
configure:4226: $? = 0
configure:4229: test -z 			 || test ! -s conftest.err
configure:4232: $? = 0
configure:4235: test -s conftest.o
configure:4238: $? = 0
configure:4249: result: yes
configure:4204: checking for sys/stat.h
configure:4220: gcc -c -g -O2  conftest.c >&5
configure:4226: $? = 0
configure:4229: test -z 			 || test ! -s conftest.err
configure:4232: $? = 0
configure:4235: test -s conftest.o
configure:4238: $? = 0
configure:4249: result: yes
configure:4204: checking for stdlib.h
configure:4220: gcc -c -g -O2  conftest.c >&5
configure:4226: $? = 0
configure:4229: test -z 			 || test ! -s conftest.err
configure:4232: $? = 0
configure:4235: test -s conftest.o
configure:4238: $? = 0
configure:4249: result: yes
configure:4204: checking for string.h
configure:4220: gcc -c -g -O2  conftest.c >&5
configure:4226: $? = 0
configure:4229: test -z 			 || test ! -s conftest.err
configure:4232: $? = 0
configure:4235: test -s conftest.o
configure:4238: $? = 0
configure:4249: result: yes
configure:4204: checking for memory.h
configure:4220: gcc -c -g -O2  conftest.c >&5
configure:4226: $? = 0
configure:4229: test -z 			 || test ! -s conftest.err
configure:4232: $? = 0
configure:4235: test -s conftest.o
configure:4238: $? = 0
configure:4249: result: yes
configure:4204: checking for strings.h
configure:4220: gcc -c -g -O2  conftest.c >&5
configure:4226: $? = 0
configure:4229: test -z 			 || test ! -s conftest.err
configure:4232: $? = 0
configure:4235: test -s conftest.o
configure:4238: $? = 0
configure:4249: result: yes
configure:4204: checking for inttypes.h
configure:4220: gcc -c -g -O2  conftest.c >&5
configure:4226: $? = 0
configure:4229: test -z 			 || test ! -s conftest.err
configure:4232: $? = 0
configure:4235: test -s conftest.o
configure:4238: $? = 0
configure:4249: result: yes
configure:4204: checking for stdint.h
configure:4220: gcc -c -g -O2  conftest.c >&5
configure:4226: $? = 0
configure:4229: test -z 			 || test ! -s conftest.err
configure:4232: $? = 0
configure:4235: test -s conftest.o
configure:4238: $? = 0
configure:4249: result: yes
configure:4204: checking for unistd.h
configure:4220: gcc -c -g -O2  conftest.c >&5
configure:4226: $? = 0
configure:4229: test -z 			 || test ! -s conftest.err
configure:4232: $? = 0
configure:4235: test -s conftest.o
configure:4238: $? = 0
configure:4249: result: yes
configure:4275: checking dlfcn.h usability
configure:4287: gcc -c -g -O2  conftest.c >&5
configure:4293: $? = 0
configure:4296: test -z 			 || test ! -s conftest.err
configure:4299: $? = 0
configure:4302: test -s conftest.o
configure:4305: $? = 0
configure:4315: result: yes
configure:4319: checking dlfcn.h presence
configure:4329: gcc -E  conftest.c
configure:4335: $? = 0
configure:4355: result: yes
configure:4390: checking for dlfcn.h
configure:4397: result: yes
configure:4462: checking for g++
configure:4478: found /usr/bin/g++
configure:4488: result: g++
configure:4504: checking for C++ compiler version
configure:4507: g++ --version </dev/null >&5
powerpc-apple-darwin8-g++-4.0.0 (GCC) 4.0.0 20041026 (Apple Computer, Inc. build 4061)
Copyright (C) 2004 Free Software Foundation, Inc.
This is free software; see the source for copying conditions.  There is NO
warranty; not even for MERCHANTABILITY or FITNESS FOR A PARTICULAR PURPOSE.

configure:4510: $? = 0
configure:4512: g++ -v </dev/null >&5
Reading specs from /usr/lib/gcc/powerpc-apple-darwin8/4.0.0/specs
Configured with: /private/var/tmp/gcc/gcc-4061.obj~8/src/configure --disable-checking --prefix=/usr --mandir=/share/man --enable-languages=c,objc,c++,obj-c++ --program-transform-name=/^[cg][^+.-]*$/s/$/-4.0/ --with-gxx-include-dir=/include/gcc/darwin/4.0/c++ --build=powerpc-apple-darwin8 --host=powerpc-apple-darwin8 --target=powerpc-apple-darwin8
Thread model: posix
gcc version 4.0.0 20041026 (Apple Computer, Inc. build 4061)
configure:4515: $? = 0
configure:4517: g++ -V </dev/null >&5
g++: argument to `-V' is missing
configure:4520: $? = 1
configure:4523: checking whether we are using the GNU C++ compiler
configure:4547: g++ -c   conftest.cc >&5
configure:4553: $? = 0
configure:4556: test -z 			 || test ! -s conftest.err
configure:4559: $? = 0
configure:4562: test -s conftest.o
configure:4565: $? = 0
configure:4578: result: yes
configure:4584: checking whether g++ accepts -g
configure:4605: g++ -c -g  conftest.cc >&5
configure:4611: $? = 0
configure:4614: test -z 			 || test ! -s conftest.err
configure:4617: $? = 0
configure:4620: test -s conftest.o
configure:4623: $? = 0
configure:4634: result: yes
configure:4676: g++ -c -g -O2  conftest.cc >&5
configure:4682: $? = 0
configure:4685: test -z 			 || test ! -s conftest.err
configure:4688: $? = 0
configure:4691: test -s conftest.o
configure:4694: $? = 0
configure:4720: g++ -c -g -O2  conftest.cc >&5
conftest.cc: In function `int main()':
conftest.cc:26: error: 'exit' was not declared in this scope
configure:4726: $? = 1
configure: failed program was:
| /* confdefs.h.  */
| 
| #define PACKAGE_NAME "libopendaap"
| #define PACKAGE_TARNAME "libopendaap"
| #define PACKAGE_VERSION "0.3.0"
| #define PACKAGE_STRING "libopendaap 0.3.0"
| #define PACKAGE_BUGREPORT "crazney@craz.net"
| #define PACKAGE "libopendaap"
| #define VERSION "0.3.0"
| #define STDC_HEADERS 1
| #define HAVE_SYS_TYPES_H 1
| #define HAVE_SYS_STAT_H 1
| #define HAVE_STDLIB_H 1
| #define HAVE_STRING_H 1
| #define HAVE_MEMORY_H 1
| #define HAVE_STRINGS_H 1
| #define HAVE_INTTYPES_H 1
| #define HAVE_STDINT_H 1
| #define HAVE_UNISTD_H 1
| #define HAVE_DLFCN_H 1
| /* end confdefs.h.  */
| 
| int
| main ()
| {
| exit (42);
|   ;
|   return 0;
| }
configure:4676: g++ -c -g -O2  conftest.cc >&5
/usr/include/stdlib.h:158: error: 'void exit(int)' conflicts with previous using declaration 'void std::exit(int)'
/usr/include/stdlib.h:158: error: 'void exit(int)' conflicts with used function
conftest.cc:22: error: 'void std::exit(int)' previously declared here
configure:4682: $? = 1
configure: failed program was:
| /* confdefs.h.  */
| 
| #define PACKAGE_NAME "libopendaap"
| #define PACKAGE_TARNAME "libopendaap"
| #define PACKAGE_VERSION "0.3.0"
| #define PACKAGE_STRING "libopendaap 0.3.0"
| #define PACKAGE_BUGREPORT "crazney@craz.net"
| #define PACKAGE "libopendaap"
| #define VERSION "0.3.0"
| #define STDC_HEADERS 1
| #define HAVE_SYS_TYPES_H 1
| #define HAVE_SYS_STAT_H 1
| #define HAVE_STDLIB_H 1
| #define HAVE_STRING_H 1
| #define HAVE_MEMORY_H 1
| #define HAVE_STRINGS_H 1
| #define HAVE_INTTYPES_H 1
| #define HAVE_STDINT_H 1
| #define HAVE_UNISTD_H 1
| #define HAVE_DLFCN_H 1
| /* end confdefs.h.  */
| extern "C" void std::exit (int) throw (); using std::exit;
| #include <stdlib.h>
| int
| main ()
| {
| exit (42);
|   ;
|   return 0;
| }
configure:4676: g++ -c -g -O2  conftest.cc >&5
/usr/include/stdlib.h:158: error: 'void exit(int)' conflicts with previous using declaration 'void std::exit(int)'
/usr/include/stdlib.h:158: error: 'void exit(int)' conflicts with used function
conftest.cc:22: error: 'void std::exit(int)' previously declared here
configure:4682: $? = 1
configure: failed program was:
| /* confdefs.h.  */
| 
| #define PACKAGE_NAME "libopendaap"
| #define PACKAGE_TARNAME "libopendaap"
| #define PACKAGE_VERSION "0.3.0"
| #define PACKAGE_STRING "libopendaap 0.3.0"
| #define PACKAGE_BUGREPORT "crazney@craz.net"
| #define PACKAGE "libopendaap"
| #define VERSION "0.3.0"
| #define STDC_HEADERS 1
| #define HAVE_SYS_TYPES_H 1
| #define HAVE_SYS_STAT_H 1
| #define HAVE_STDLIB_H 1
| #define HAVE_STRING_H 1
| #define HAVE_MEMORY_H 1
| #define HAVE_STRINGS_H 1
| #define HAVE_INTTYPES_H 1
| #define HAVE_STDINT_H 1
| #define HAVE_UNISTD_H 1
| #define HAVE_DLFCN_H 1
| /* end confdefs.h.  */
| extern "C" void std::exit (int); using std::exit;
| #include <stdlib.h>
| int
| main ()
| {
| exit (42);
|   ;
|   return 0;
| }
configure:4676: g++ -c -g -O2  conftest.cc >&5
/usr/include/stdlib.h:158: error: declaration of 'void exit(int)' throws different exceptions
conftest.cc:22: error: than previous declaration 'void exit(int) throw ()'
configure:4682: $? = 1
configure: failed program was:
| /* confdefs.h.  */
| 
| #define PACKAGE_NAME "libopendaap"
| #define PACKAGE_TARNAME "libopendaap"
| #define PACKAGE_VERSION "0.3.0"
| #define PACKAGE_STRING "libopendaap 0.3.0"
| #define PACKAGE_BUGREPORT "crazney@craz.net"
| #define PACKAGE "libopendaap"
| #define VERSION "0.3.0"
| #define STDC_HEADERS 1
| #define HAVE_SYS_TYPES_H 1
| #define HAVE_SYS_STAT_H 1
| #define HAVE_STDLIB_H 1
| #define HAVE_STRING_H 1
| #define HAVE_MEMORY_H 1
| #define HAVE_STRINGS_H 1
| #define HAVE_INTTYPES_H 1
| #define HAVE_STDINT_H 1
| #define HAVE_UNISTD_H 1
| #define HAVE_DLFCN_H 1
| /* end confdefs.h.  */
| extern "C" void exit (int) throw ();
| #include <stdlib.h>
| int
| main ()
| {
| exit (42);
|   ;
|   return 0;
| }
configure:4676: g++ -c -g -O2  conftest.cc >&5
configure:4682: $? = 0
configure:4685: test -z 			 || test ! -s conftest.err
configure:4688: $? = 0
configure:4691: test -s conftest.o
configure:4694: $? = 0
configure:4720: g++ -c -g -O2  conftest.cc >&5
configure:4726: $? = 0
configure:4729: test -z 			 || test ! -s conftest.err
configure:4732: $? = 0
configure:4735: test -s conftest.o
configure:4738: $? = 0
configure:4763: checking dependency style of g++
configure:4846: result: gcc3
configure:4868: checking how to run the C++ preprocessor
configure:4899: g++ -E  conftest.cc
configure:4905: $? = 0
configure:4937: g++ -E  conftest.cc
conftest.cc:25:28: error: ac_nonexistent.h: No such file or directory
configure:4943: $? = 1
configure: failed program was:
| /* confdefs.h.  */
| 
| #define PACKAGE_NAME "libopendaap"
| #define PACKAGE_TARNAME "libopendaap"
| #define PACKAGE_VERSION "0.3.0"
| #define PACKAGE_STRING "libopendaap 0.3.0"
| #define PACKAGE_BUGREPORT "crazney@craz.net"
| #define PACKAGE "libopendaap"
| #define VERSION "0.3.0"
| #define STDC_HEADERS 1
| #define HAVE_SYS_TYPES_H 1
| #define HAVE_SYS_STAT_H 1
| #define HAVE_STDLIB_H 1
| #define HAVE_STRING_H 1
| #define HAVE_MEMORY_H 1
| #define HAVE_STRINGS_H 1
| #define HAVE_INTTYPES_H 1
| #define HAVE_STDINT_H 1
| #define HAVE_UNISTD_H 1
| #define HAVE_DLFCN_H 1
| #ifdef __cplusplus
| extern "C" void exit (int);
| #endif
| /* end confdefs.h.  */
| #include <ac_nonexistent.h>
configure:4982: result: g++ -E
configure:5006: g++ -E  conftest.cc
configure:5012: $? = 0
configure:5044: g++ -E  conftest.cc
conftest.cc:25:28: error: ac_nonexistent.h: No such file or directory
configure:5050: $? = 1
configure: failed program was:
| /* confdefs.h.  */
| 
| #define PACKAGE_NAME "libopendaap"
| #define PACKAGE_TARNAME "libopendaap"
| #define PACKAGE_VERSION "0.3.0"
| #define PACKAGE_STRING "libopendaap 0.3.0"
| #define PACKAGE_BUGREPORT "crazney@craz.net"
| #define PACKAGE "libopendaap"
| #define VERSION "0.3.0"
| #define STDC_HEADERS 1
| #define HAVE_SYS_TYPES_H 1
| #define HAVE_SYS_STAT_H 1
| #define HAVE_STDLIB_H 1
| #define HAVE_STRING_H 1
| #define HAVE_MEMORY_H 1
| #define HAVE_STRINGS_H 1
| #define HAVE_INTTYPES_H 1
| #define HAVE_STDINT_H 1
| #define HAVE_UNISTD_H 1
| #define HAVE_DLFCN_H 1
| #ifdef __cplusplus
| extern "C" void exit (int);
| #endif
| /* end confdefs.h.  */
| #include <ac_nonexistent.h>
configure:5145: checking for g77
configure:5174: result: no
configure:5145: checking for f77
configure:5174: result: no
configure:5145: checking for xlf
configure:5174: result: no
configure:5145: checking for frt
configure:5174: result: no
configure:5145: checking for pgf77
configure:5174: result: no
configure:5145: checking for fort77
configure:5174: result: no
configure:5145: checking for fl32
configure:5174: result: no
configure:5145: checking for af77
configure:5174: result: no
configure:5145: checking for f90
configure:5174: result: no
configure:5145: checking for xlf90
configure:5174: result: no
configure:5145: checking for pgf90
configure:5174: result: no
configure:5145: checking for epcf90
configure:5174: result: no
configure:5145: checking for f95
configure:5174: result: no
configure:5145: checking for fort
configure:5174: result: no
configure:5145: checking for xlf95
configure:5174: result: no
configure:5145: checking for ifc
configure:5174: result: no
configure:5145: checking for efc
configure:5174: result: no
configure:5145: checking for pgf95
configure:5174: result: no
configure:5145: checking for lf95
configure:5174: result: no
configure:5145: checking for gfortran
configure:5174: result: no
configure:5189: checking for Fortran 77 compiler version
configure:5189:  --version </dev/null >&5
./configure: line 1: --version: command not found
configure:5192: $? = 127
configure:5194:  -v </dev/null >&5
./configure: line 1: -v: command not found
configure:5197: $? = 127
configure:5199:  -V </dev/null >&5
./configure: line 1: -V: command not found
configure:5202: $? = 127
configure:5210: checking whether we are using the GNU Fortran 77 compiler
configure:5224:  -c  conftest.F >&5
./configure: line 1: -c: command not found
configure:5230: $? = 127
configure: failed program was:
|       program main
| #ifndef __GNUC__
|        choke me
| #endif
| 
|       end
configure:5255: result: no
configure:5261: checking whether  accepts -g
configure:5273:  -c -g conftest.f >&5
./configure: line 1: -c: command not found
configure:5279: $? = 127
configure: failed program was:
|       program main
| 
|       end
configure:5303: result: no
configure:5333: checking the maximum length of command line arguments
configure:5398: result: 65536
configure:5409: checking command to parse /usr/bin/nm -p output from gcc object
configure:5498: gcc -c -g -O2  conftest.c >&5
configure:5501: $? = 0
configure:5505: /usr/bin/nm -p conftest.o \| sed -n -e 's/^.*[ 	]\([BCDEGRST][BCDEGRST]*\)[ 	][ 	]*\(\)\([_A-Za-z][_A-Za-z0-9]*\)$/\1 \2\3 \3/p' \> conftest.nm
configure:5508: $? = 0
cannot find nm_test_var in conftest.nm
configure:5498: gcc -c -g -O2  conftest.c >&5
configure:5501: $? = 0
configure:5505: /usr/bin/nm -p conftest.o \| sed -n -e 's/^.*[ 	]\([BCDEGRST][BCDEGRST]*\)[ 	][ 	]*\(_\)\([_A-Za-z][_A-Za-z0-9]*\)$/\1 \2\3 \3/p' \> conftest.nm
configure:5508: $? = 0
configure:5560: gcc -o conftest -g -O2   conftest.c conftstm.o >&5
configure:5563: $? = 0
configure:5601: result: ok
configure:5605: checking for objdir
configure:5620: result: .libs
configure:5710: checking for ar
configure:5726: found /usr/bin/ar
configure:5737: result: ar
configure:5790: checking for ranlib
configure:5806: found /usr/bin/ranlib
configure:5817: result: ranlib
configure:5870: checking for strip
configure:5886: found /usr/bin/strip
configure:5897: result: strip
configure:6159: checking if gcc static flag  works
configure:6182: result: yes
configure:6200: checking if gcc supports -fno-rtti -fno-exceptions
configure:6221: gcc -c -g -O2  -fno-rtti -fno-exceptions conftest.c >&5
cc1: warning: command line option "-fno-rtti" is valid for C++/ObjC++ but not for C
configure:6225: $? = 0
configure:6233: result: no
configure:6248: checking for gcc option to produce PIC
configure:6425: result: -fno-common
configure:6433: checking if gcc PIC flag -fno-common works
configure:6454: gcc -c -g -O2  -fno-common -DPIC conftest.c >&5
configure:6458: $? = 0
configure:6466: result: yes
configure:6490: checking if gcc supports -c -o file.o
configure:6514: gcc -c -g -O2  -o out/conftest2.o conftest.c >&5
configure:6518: $? = 0
configure:6535: result: yes
configure:6561: checking whether the gcc linker (/usr/bin/ld) supports shared libraries
configure:7408: result: yes
configure:7479: checking dynamic linker characteristics
configure:8031: result: darwin8.0.0 dyld
configure:8035: checking how to hardcode library paths into programs
configure:8060: result: immediate
configure:8074: checking whether stripping libraries is possible
configure:8087: result: yes
configure:8902: checking if libtool supports shared libraries
configure:8904: result: yes
configure:8907: checking whether to build shared libraries
configure:8965: result: yes
configure:8968: checking whether to build static libraries
configure:8972: result: yes
configure:9064: creating libtool
configure:9611: checking for ld used by g++
configure:9678: result: /usr/bin/ld
configure:9687: checking if the linker (/usr/bin/ld) is GNU ld
configure:9702: result: no
configure:9753: checking whether the g++ linker (/usr/bin/ld) supports shared libraries
configure:10579: result: yes
configure:10597: g++ -c -g -O2  conftest.cc >&5
configure:10600: $? = 0
configure:10696: checking for g++ option to produce PIC
configure:10948: result: -fno-common
configure:10956: checking if g++ PIC flag -fno-common works
configure:10977: g++ -c -g -O2  -fno-common -DPIC conftest.cc >&5
configure:10981: $? = 0
configure:10989: result: yes
configure:11013: checking if g++ supports -c -o file.o
configure:11037: g++ -c -g -O2  -o out/conftest2.o conftest.cc >&5
configure:11041: $? = 0
configure:11058: result: yes
configure:11084: checking whether the g++ linker (/usr/bin/ld) supports shared libraries
configure:11112: result: yes
configure:11183: checking dynamic linker characteristics
configure:11735: result: darwin8.0.0 dyld
configure:11739: checking how to hardcode library paths into programs
configure:11764: result: immediate
configure:11778: checking whether stripping libraries is possible
configure:11791: result: yes
configure:19027: checking for ANSI C header files
configure:19179: result: yes
configure:19196: checking for stdlib.h
configure:19201: result: yes
configure:19196: checking for string.h
configure:19201: result: yes
configure:19196: checking for unistd.h
configure:19201: result: yes
configure:19341: checking whether byte ordering is bigendian
configure:19368: gcc -c -g -O2  conftest.c >&5
configure:19374: $? = 0
configure:19377: test -z 			 || test ! -s conftest.err
configure:19380: $? = 0
configure:19383: test -s conftest.o
configure:19386: $? = 0
configure:19410: gcc -c -g -O2  conftest.c >&5
configure:19416: $? = 0
configure:19419: test -z 			 || test ! -s conftest.err
configure:19422: $? = 0
configure:19425: test -s conftest.o
configure:19428: $? = 0
configure:19549: result: yes
configure:19568: checking for an ANSI C-conforming const
configure:19635: gcc -c -g -O2  conftest.c >&5
configure:19641: $? = 0
configure:19644: test -z 			 || test ! -s conftest.err
configure:19647: $? = 0
configure:19650: test -s conftest.o
configure:19653: $? = 0
configure:19664: result: yes
configure:19674: checking for pid_t
configure:19698: gcc -c -g -O2  conftest.c >&5
configure:19704: $? = 0
configure:19707: test -z 			 || test ! -s conftest.err
configure:19710: $? = 0
configure:19713: test -s conftest.o
configure:19716: $? = 0
configure:19727: result: yes
configure:19745: checking for memset
configure:19802: gcc -o conftest -g -O2   conftest.c  >&5
conftest.c:54: warning: conflicting types for built-in function 'memset'
configure:19808: $? = 0
configure:19811: test -z 			 || test ! -s conftest.err
configure:19814: $? = 0
configure:19817: test -s conftest
configure:19820: $? = 0
configure:19832: result: yes
configure:19745: checking for strdup
configure:19802: gcc -o conftest -g -O2   conftest.c  >&5
conftest.c:55: warning: conflicting types for built-in function 'strdup'
configure:19808: $? = 0
configure:19811: test -z 			 || test ! -s conftest.err
configure:19814: $? = 0
configure:19817: test -s conftest
configure:19820: $? = 0
configure:19832: result: yes
configure:19843: checking for struct sockaddr.sa_len
configure:19870: gcc -c -g -O2  conftest.c >&5
configure:19876: $? = 0
configure:19879: test -z 			 || test ! -s conftest.err
configure:19882: $? = 0
configure:19885: test -s conftest.o
configure:19888: $? = 0
configure:19948: result: yes
configure:20090: creating ./config.status

## ---------------------- ##
## Running config.status. ##
## ---------------------- ##

This file was extended by libopendaap config.status 0.3.0, which was
generated by GNU Autoconf 2.59.  Invocation command line was

  CONFIG_FILES    = 
  CONFIG_HEADERS  = 
  CONFIG_LINKS    = 
  CONFIG_COMMANDS = 
  $ ./config.status 

on west.venrock.com

config.status:757: creating Makefile
config.status:757: creating debug/Makefile
config.status:757: creating authentication/Makefile
config.status:757: creating mDNS/Makefile
config.status:757: creating opendaap.pc
config.status:823: creating config.h
config.status:1127: executing depfiles commands

## ---------------- ##
## Cache variables. ##
## ---------------- ##

ac_cv_build=powerpc-apple-darwin8.0.0
ac_cv_build_alias=powerpc-apple-darwin8.0.0
ac_cv_c_bigendian=yes
ac_cv_c_compiler_gnu=yes
ac_cv_c_const=yes
ac_cv_cxx_compiler_gnu=yes
ac_cv_env_CC_set=
ac_cv_env_CC_value=
ac_cv_env_CFLAGS_set=
ac_cv_env_CFLAGS_value=
ac_cv_env_CPPFLAGS_set=
ac_cv_env_CPPFLAGS_value=
ac_cv_env_CPP_set=
ac_cv_env_CPP_value=
ac_cv_env_CXXCPP_set=
ac_cv_env_CXXCPP_value=
ac_cv_env_CXXFLAGS_set=
ac_cv_env_CXXFLAGS_value=
ac_cv_env_CXX_set=
ac_cv_env_CXX_value=
ac_cv_env_F77_set=
ac_cv_env_F77_value=
ac_cv_env_FFLAGS_set=
ac_cv_env_FFLAGS_value=
ac_cv_env_LDFLAGS_set=
ac_cv_env_LDFLAGS_value=
ac_cv_env_build_alias_set=
ac_cv_env_build_alias_value=
ac_cv_env_host_alias_set=
ac_cv_env_host_alias_value=
ac_cv_env_target_alias_set=
ac_cv_env_target_alias_value=
ac_cv_exeext=
ac_cv_f77_compiler_gnu=no
ac_cv_func_memset=yes
ac_cv_func_strdup=yes
ac_cv_header_dlfcn_h=yes
ac_cv_header_inttypes_h=yes
ac_cv_header_memory_h=yes
ac_cv_header_stdc=yes
ac_cv_header_stdint_h=yes
ac_cv_header_stdlib_h=yes
ac_cv_header_string_h=yes
ac_cv_header_strings_h=yes
ac_cv_header_sys_stat_h=yes
ac_cv_header_sys_types_h=yes
ac_cv_header_unistd_h=yes
ac_cv_host=powerpc-apple-darwin8.0.0
ac_cv_host_alias=powerpc-apple-darwin8.0.0
ac_cv_member_struct_sockaddr_sa_len=yes
ac_cv_objext=o
ac_cv_path_install='/usr/bin/install -c'
ac_cv_prog_AWK=awk
ac_cv_prog_CPP='gcc -E'
ac_cv_prog_CXXCPP='g++ -E'
ac_cv_prog_ac_ct_AR=ar
ac_cv_prog_ac_ct_CC=gcc
ac_cv_prog_ac_ct_CXX=g++
ac_cv_prog_ac_ct_RANLIB=ranlib
ac_cv_prog_ac_ct_STRIP=strip
ac_cv_prog_cc_g=yes
ac_cv_prog_cc_stdc=
ac_cv_prog_cxx_g=yes
ac_cv_prog_egrep='grep -E'
ac_cv_prog_f77_g=no
ac_cv_prog_make_make_set=yes
ac_cv_type_pid_t=yes
am_cv_CC_dependencies_compiler_type=gcc3
am_cv_CXX_dependencies_compiler_type=gcc3
lt_cv_deplibs_check_method=pass_all
lt_cv_file_magic_cmd='$MAGIC_CMD'
lt_cv_file_magic_test_file=
lt_cv_ld_reload_flag=-r
lt_cv_objdir=.libs
lt_cv_path_LD=/usr/bin/ld
lt_cv_path_LDCXX=/usr/bin/ld
lt_cv_path_NM='/usr/bin/nm -p'
lt_cv_path_SED=/usr/bin/sed
lt_cv_prog_compiler_c_o=yes
lt_cv_prog_compiler_c_o_CXX=yes
lt_cv_prog_compiler_rtti_exceptions=no
lt_cv_prog_gnu_ld=no
lt_cv_prog_gnu_ldcxx=no
lt_cv_sys_global_symbol_pipe='sed -n -e '\''s/^.*[ 	]\([BCDEGRST][BCDEGRST]*\)[ 	][ 	]*\(_\)\([_A-Za-z][_A-Za-z0-9]*\)$/\1 \2\3 \3/p'\'''
lt_cv_sys_global_symbol_to_c_name_address='sed -n -e '\''s/^: \([^ ]*\) $/  {\"\1\", (lt_ptr) 0},/p'\'' -e '\''s/^[BCDEGRST] \([^ ]*\) \([^ ]*\)$/  {"\2", (lt_ptr) \&\2},/p'\'''
lt_cv_sys_global_symbol_to_cdecl='sed -n -e '\''s/^. .* \(.*\)$/extern int \1;/p'\'''
lt_cv_sys_max_cmd_len=65536
lt_lt_cv_prog_compiler_c_o='"yes"'
lt_lt_cv_prog_compiler_c_o_CXX='"yes"'
lt_lt_cv_sys_global_symbol_pipe='"sed -n -e '\''s/^.*[ 	]\\([BCDEGRST][BCDEGRST]*\\)[ 	][ 	]*\\(_\\)\\([_A-Za-z][_A-Za-z0-9]*\\)\$/\\1 \\2\\3 \\3/p'\''"'
lt_lt_cv_sys_global_symbol_to_c_name_address='"sed -n -e '\''s/^: \\([^ ]*\\) \$/  {\\\"\\1\\\", (lt_ptr) 0},/p'\'' -e '\''s/^[BCDEGRST] \\([^ ]*\\) \\([^ ]*\\)\$/  {\"\\2\", (lt_ptr) \\&\\2},/p'\''"'
lt_lt_cv_sys_global_symbol_to_cdecl='"sed -n -e '\''s/^. .* \\(.*\\)\$/extern int \\1;/p'\''"'

## ----------------- ##
## Output variables. ##
## ----------------- ##

ACLOCAL='${SHELL} /Volumes/Lore/Desktop/libopendaap-0.3.0/missing --run aclocal-1.7'
AMDEPBACKSLASH='\'
AMDEP_FALSE='#'
AMDEP_TRUE=''
AMTAR='${SHELL} /Volumes/Lore/Desktop/libopendaap-0.3.0/missing --run tar'
AR='ar'
AUTOCONF='${SHELL} /Volumes/Lore/Desktop/libopendaap-0.3.0/missing --run autoconf'
AUTOHEADER='${SHELL} /Volumes/Lore/Desktop/libopendaap-0.3.0/missing --run autoheader'
AUTOMAKE='${SHELL} /Volumes/Lore/Desktop/libopendaap-0.3.0/missing --run automake-1.7'
AWK='awk'
CC='gcc'
CCDEPMODE='depmode=gcc3'
CFLAGS='-g -O2'
CPP='gcc -E'
CPPFLAGS=''
CXX='g++'
CXXCPP='g++ -E'
CXXDEPMODE='depmode=gcc3'
CXXFLAGS='-g -O2'
CYGPATH_W='echo'
DEFS='-DHAVE_CONFIG_H'
DEPDIR='.deps'
ECHO='echo'
ECHO_C=''
ECHO_N='-n'
ECHO_T=''
EGREP='grep -E'
EXEEXT=''
F77=''
FFLAGS=''
INSTALL_DATA='${INSTALL} -m 644'
INSTALL_PROGRAM='${INSTALL}'
INSTALL_SCRIPT='${INSTALL}'
INSTALL_STRIP_PROGRAM='${SHELL} $(install_sh) -c -s'
LDFLAGS=''
LIBOBJS=''
LIBS=''
LIBTOOL='$(SHELL) $(top_builddir)/libtool'
LN_S='ln -s'
LTLIBOBJS=''
MAINT='#'
MAINTAINER_MODE_FALSE=''
MAINTAINER_MODE_TRUE='#'
MAKEINFO='${SHELL} /Volumes/Lore/Desktop/libopendaap-0.3.0/missing --run makeinfo'
OBJEXT='o'
PACKAGE='libopendaap'
PACKAGE_BUGREPORT='crazney@craz.net'
PACKAGE_NAME='libopendaap'
PACKAGE_STRING='libopendaap 0.3.0'
PACKAGE_TARNAME='libopendaap'
PACKAGE_VERSION='0.3.0'
PATH_SEPARATOR=':'
RANLIB='ranlib'
SET_MAKE=''
SHELL='/bin/sh'
STRIP='strip'
VERSION='0.3.0'
ac_ct_AR='ar'
ac_ct_CC='gcc'
ac_ct_CXX='g++'
ac_ct_F77=''
ac_ct_RANLIB='ranlib'
ac_ct_STRIP='strip'
am__fastdepCC_FALSE='#'
am__fastdepCC_TRUE=''
am__fastdepCXX_FALSE='#'
am__fastdepCXX_TRUE=''
am__include='include'
am__leading_dot='.'
am__quote=''
bindir='${exec_prefix}/bin'
build='powerpc-apple-darwin8.0.0'
build_alias=''
build_cpu='powerpc'
build_os='darwin8.0.0'
build_vendor='apple'
datadir='${prefix}/share'
exec_prefix='${prefix}'
host='powerpc-apple-darwin8.0.0'
host_alias=''
host_cpu='powerpc'
host_os='darwin8.0.0'
host_vendor='apple'
includedir='${prefix}/include'
infodir='${prefix}/info'
install_sh='/Volumes/Lore/Desktop/libopendaap-0.3.0/install-sh'
libdir='${exec_prefix}/lib'
libexecdir='${exec_prefix}/libexec'
localstatedir='${prefix}/var'
mandir='${prefix}/man'
oldincludedir='/usr/include'
prefix='/usr/local'
program_transform_name='s,x,x,'
sbindir='${exec_prefix}/sbin'
sharedstatedir='${prefix}/com'
sysconfdir='${prefix}/etc'
target_alias=''

## ----------- ##
## confdefs.h. ##
## ----------- ##

#define HAVE_DLFCN_H 1
#define HAVE_INTTYPES_H 1
#define HAVE_MEMORY_H 1
#define HAVE_MEMSET 1
#define HAVE_STDINT_H 1
#define HAVE_STDLIB_H 1
#define HAVE_STDLIB_H 1
#define HAVE_STRDUP 1
#define HAVE_STRINGS_H 1
#define HAVE_STRING_H 1
#define HAVE_STRING_H 1
#define HAVE_STRUCT_SOCKADDR_SA_LEN 1
#define HAVE_SYS_STAT_H 1
#define HAVE_SYS_TYPES_H 1
#define HAVE_UNISTD_H 1
#define HAVE_UNISTD_H 1
#define PACKAGE "libopendaap"
#define PACKAGE_BUGREPORT "crazney@craz.net"
#define PACKAGE_NAME "libopendaap"
#define PACKAGE_STRING "libopendaap 0.3.0"
#define PACKAGE_TARNAME "libopendaap"
#define PACKAGE_VERSION "0.3.0"
#define STDC_HEADERS 1
#define STDC_HEADERS 1
#define VERSION "0.3.0"
#define WORDS_BIGENDIAN 1
#endif
#ifdef __cplusplus
extern "C" void exit (int);

configure: exit 0
